<?xml version="1.0" encoding="utf-8"?>
<shfbBuild product="Sandcastle Help File Builder and Tools" version="2019.4.14.0" projectFile="C:\Users\douwe\source\repos\research-project-amino-acid-alignment\documentation\docs.shfbproj" started="26-4-2019 13:13:51">
<buildStep step="Initializing">
Finding tools...
The Sandcastle tools are located in &#39;C:\Program Files (x86)\EWSoftware\Sandcastle Help File Builder\&#39;
Locating components in the following folder(s):
    C:\Users\douwe\source\repos\research-project-amino-acid-alignment\documentation
    C:\ProgramData\EWSoftware\Sandcastle Help File Builder\Components and Plug-Ins\
    C:\Program Files (x86)\EWSoftware\Sandcastle Help File Builder\
Using framework reflection data for &#39;.NET Framework 4.5&#39; located in &#39;C:\Program Files (x86)\EWSoftware\Sandcastle Help File Builder\Data\.NETFramework&#39;
Using presentation style &#39;Markdown&#39; located in &#39;C:\Program Files (x86)\EWSoftware\Sandcastle Help File Builder\PresentationStyles\Markdown&#39;
</buildStep>
<buildStep step="ClearWorkFolder">
Clearing working folder...
-------------------------------
Clearing any prior web/markdown output...
</buildStep>
<buildStep step="ValidatingDocumentationSources">
Validating and copying documentation source information
Source: C:\Users\douwe\source\repos\research-project-amino-acid-alignment\doc.xml
Source: C:\Users\douwe\source\repos\research-project-amino-acid-alignment\Main.exe
    Found assembly &#39;C:\Users\douwe\source\repos\research-project-amino-acid-alignment\Main.exe&#39;

Copying XML comments files
    C:\Users\douwe\source\repos\research-project-amino-acid-alignment\doc.xml -&gt; C:\Users\douwe\source\repos\research-project-amino-acid-alignment\documentation\Help\Working\doc.xml
</buildStep>
<buildStep step="GenerateSharedContent">
Generating shared content files (en-US, English (United States))...
    Last step completed in 00:00:00,0409
</buildStep>
<buildStep step="GenerateApiFilter">
Generating API filter for MRefBuilder...
    Last step completed in 00:00:00,0130
</buildStep>
<buildStep step="GenerateReflectionInfo">
Generating reflection information...
[C:\Program Files (x86)\MSBuild\14.0\bin\amd64\MSBuild.exe - GenerateRefInfo.proj]
Build started 26-4-2019 13:13:53.
Project &quot;C:\Users\douwe\source\repos\research-project-amino-acid-alignment\documentation\Help\Working\GenerateRefInfo.proj&quot; on node 1 (default targets).
PrepareForBuild:
  Creating directory &quot;obj\Debug\&quot;.
GenerateRefInfo:
  MRefBuilder (v2019.4.14.0)
  Copyright &#184; 2006-2019, Microsoft Corporation, All Rights Reserved.
  Portions Copyright &#184; 2006-2019, Eric Woodruff, All Rights Reserved.
MRefBuilder : warning : The program database (PDB) file associated with &#39;C:\Users\douwe\source\repos\research-project-amino-acid-alignment\Main.exe&#39; does not exist or could not be loaded.  Source context information is unavailable. [C:\Users\douwe\source\repos\research-project-amino-acid-alignment\documentation\Help\Working\GenerateRefInfo.proj]
  Loaded 1 assemblies for reflection and 1 dependency assemblies.
  Source code location not found for AssemblyNameSpace.Assembler
  Source code location not found for AssemblyNameSpace.Assembler+AminoAcid
  Source code location not found for AssemblyNameSpace.Assembler+CondensedNode
  Source code location not found for AssemblyNameSpace.Assembler+MetaInformation
  Source code location not found for AssemblyNameSpace.Assembler+Node
  Source code location not found for AssemblyNameSpace.HelperFunctionality
  Source code location not found for AssemblyNameSpace.ToRunWithCommandLine
  Wrote information on 1 namespaces, 7 types, and 71 members
  Copying file from &quot;reflection.org&quot; to &quot;reflection.all&quot;.
  XslTransform (v2019.4.14.0)
  Copyright &#184; 2006-2019, Microsoft Corporation, All Rights Reserved.
  Portions Copyright &#184; 2006-2019, Eric Woodruff, All Rights Reserved.
  Applying XSL transformation &#39;C:\Program Files (x86)\EWSoftware\Sandcastle Help File Builder\ProductionTransforms\MergeDuplicates.xsl&#39;.
Done Building Project &quot;C:\Users\douwe\source\repos\research-project-amino-acid-alignment\documentation\Help\Working\GenerateRefInfo.proj&quot; (default targets).

Build succeeded.

Time Elapsed 00:00:02.25
    Last step completed in 00:00:02,8523
</buildStep>
<buildStep step="TransformReflectionInfo">
Transforming reflection output...
[C:\Program Files (x86)\MSBuild\14.0\bin\amd64\MSBuild.exe - TransformManifest.proj]
Build started 26-4-2019 13:13:55.
Project &quot;C:\Users\douwe\source\repos\research-project-amino-acid-alignment\documentation\Help\Working\TransformManifest.proj&quot; on node 1 (default targets).
TransformManifest:
  XslTransform (v2019.4.14.0)
  Copyright &#184; 2006-2019, Microsoft Corporation, All Rights Reserved.
  Portions Copyright &#184; 2006-2019, Eric Woodruff, All Rights Reserved.
  Applying XSL transformation &#39;C:\Program Files (x86)\EWSoftware\Sandcastle Help File Builder\\ProductionTransforms\ApplyVSDocModel.xsl&#39;.
  Copying file from &quot;reflection.xml&quot; to &quot;reflection.nofilenames&quot;.
  XslTransform (v2019.4.14.0)
  Copyright &#184; 2006-2019, Microsoft Corporation, All Rights Reserved.
  Portions Copyright &#184; 2006-2019, Eric Woodruff, All Rights Reserved.
  Applying XSL transformation &#39;C:\Program Files (x86)\EWSoftware\Sandcastle Help File Builder\ProductionTransforms\AddFilenames.xsl&#39;.
  XslTransform (v2019.4.14.0)
  Copyright &#184; 2006-2019, Microsoft Corporation, All Rights Reserved.
  Portions Copyright &#184; 2006-2019, Eric Woodruff, All Rights Reserved.
  Applying XSL transformation &#39;C:\Program Files (x86)\EWSoftware\Sandcastle Help File Builder\ProductionTransforms\ReflectionToManifest.xsl&#39;.
Done Building Project &quot;C:\Users\douwe\source\repos\research-project-amino-acid-alignment\documentation\Help\Working\TransformManifest.proj&quot; (default targets).

Build succeeded.

Time Elapsed 00:00:01.35
    Last step completed in 00:00:01,7560
</buildStep>
<buildStep step="GenerateNamespaceSummaries">
Generating namespace summary information...
    Last step completed in 00:00:00,0379
</buildStep>
<buildStep step="CopyAdditionalContent">
Copying additional content files...
No additional content to copy
    Last step completed in 00:00:00,0050
</buildStep>
<buildStep step="MergeTablesOfContents">
Merging conceptual and additional tables of contents...
    Last step completed in 00:00:00,0010
</buildStep>
<buildStep step="GenerateIntermediateTableOfContents">
Generating intermediate table of contents file...
[C:\Program Files (x86)\MSBuild\14.0\bin\amd64\MSBuild.exe - GenerateIntermediateTOC.proj]
Build started 26-4-2019 13:13:57.
Project &quot;C:\Users\douwe\source\repos\research-project-amino-acid-alignment\documentation\Help\Working\GenerateIntermediateTOC.proj&quot; on node 1 (default targets).
GenerateIntermediateTOC:
  XslTransform (v2019.4.14.0)
  Copyright &#184; 2006-2019, Microsoft Corporation, All Rights Reserved.
  Portions Copyright &#184; 2006-2019, Eric Woodruff, All Rights Reserved.
  Applying XSL transformation &#39;C:\Program Files (x86)\EWSoftware\Sandcastle Help File Builder\\ProductionTransforms\CreateVSToc.xsl&#39;.
Done Building Project &quot;C:\Users\douwe\source\repos\research-project-amino-acid-alignment\documentation\Help\Working\GenerateIntermediateTOC.proj&quot; (default targets).

Build succeeded.

Time Elapsed 00:00:00.65
Generating conceptual content intermediate TOC file...
    Last step completed in 00:00:01,1187
</buildStep>
<buildStep step="CreateBuildAssemblerConfigs">
Creating Sandcastle configuration files...
    sandcastle.config
    Last step completed in 00:00:00,2230
</buildStep>
<buildStep step="MergeCustomConfigs">
Merging custom build component configurations
C:\Users\douwe\source\repos\research-project-amino-acid-alignment\documentation\Help\Working\sandcastle.config
  Updating reference topic configurations.
    Replaced configuration for &#39;Syntax Component&#39; (instance 1) with configuration for &#39;Syntax Component&#39;
    Added configuration for &#39;IntelliSense Component&#39; after &#39;Show Missing Documentation Component&#39; (instance 1)
    Replacing default configuration for &#39;Code Block Component&#39; with the custom configuration
  No conceptual content.  Removing conceptual content components.
    Last step completed in 00:00:00,0469
</buildStep>
<buildStep step="BuildTopics">
Building help topics...
[C:\Program Files (x86)\MSBuild\14.0\bin\amd64\MSBuild.exe - BuildTopics.proj]
Build started 26-4-2019 13:13:58.
Project &quot;C:\Users\douwe\source\repos\research-project-amino-acid-alignment\documentation\Help\Working\BuildTopics.proj&quot; on node 1 (default targets).
BuildTopics:
  BuildAssembler (v2019.4.14.0)
  Copyright &#184; 2006-2019, Microsoft Corporation, All Rights Reserved.
  Portions Copyright &#184; 2006-2019, Eric Woodruff, All Rights Reserved.
  Loading configuration...
  ResolveReferenceLinksComponent: The MSDN content ID cache &#39;C:\Users\douwe\AppData\Local\EWSoftware\Sandcastle Help File Builder\Cache\MsdnContentId.cache&#39; does not exist yet.  All IDs will be looked up in this build which will slow it down.
  Processing topics...
BuildAssembler : warning : ShowMissingComponent: [N:AssemblyNameSpace] Missing &lt;summary&gt; documentation [C:\Users\douwe\source\repos\research-project-amino-acid-alignment\documentation\Help\Working\BuildTopics.proj]
BuildAssembler : warning : ShowMissingComponent: [F:AssemblyNameSpace.Assembler.alphabet] Missing &lt;summary&gt; documentation [C:\Users\douwe\source\repos\research-project-amino-acid-alignment\documentation\Help\Working\BuildTopics.proj]
BuildAssembler : warning : ShowMissingComponent: [F:AssemblyNameSpace.Assembler.condensed_graph] Missing &lt;summary&gt; documentation [C:\Users\douwe\source\repos\research-project-amino-acid-alignment\documentation\Help\Working\BuildTopics.proj]
BuildAssembler : warning : ShowMissingComponent: [F:AssemblyNameSpace.Assembler.edge_include_limit] Missing &lt;summary&gt; documentation [C:\Users\douwe\source\repos\research-project-amino-acid-alignment\documentation\Help\Working\BuildTopics.proj]
BuildAssembler : warning : ShowMissingComponent: [M:AssemblyNameSpace.Assembler.getIndexInAlphabet(System.Char)] Missing &lt;returns&gt; documentation [C:\Users\douwe\source\repos\research-project-amino-acid-alignment\documentation\Help\Working\BuildTopics.proj]
BuildAssembler : warning : ShowMissingComponent: [F:AssemblyNameSpace.Assembler.graph] Missing &lt;summary&gt; documentation [C:\Users\douwe\source\repos\research-project-amino-acid-alignment\documentation\Help\Working\BuildTopics.proj]
BuildAssembler : warning : ShowMissingComponent: [F:AssemblyNameSpace.Assembler.kmer_length] Missing &lt;summary&gt; documentation [C:\Users\douwe\source\repos\research-project-amino-acid-alignment\documentation\Help\Working\BuildTopics.proj]
BuildAssembler : warning : ShowMissingComponent: [P:AssemblyNameSpace.Assembler.Kmer_length] Missing &lt;summary&gt; documentation [C:\Users\douwe\source\repos\research-project-amino-acid-alignment\documentation\Help\Working\BuildTopics.proj]
BuildAssembler : warning : ShowMissingComponent: [F:AssemblyNameSpace.Assembler.meta_data] Missing &lt;summary&gt; documentation [C:\Users\douwe\source\repos\research-project-amino-acid-alignment\documentation\Help\Working\BuildTopics.proj]
BuildAssembler : warning : ShowMissingComponent: [F:AssemblyNameSpace.Assembler.minimum_homology] Missing &lt;summary&gt; documentation [C:\Users\douwe\source\repos\research-project-amino-acid-alignment\documentation\Help\Working\BuildTopics.proj]
BuildAssembler : warning : ShowMissingComponent: [P:AssemblyNameSpace.Assembler.Minimum_homology] Missing &lt;summary&gt; documentation [C:\Users\douwe\source\repos\research-project-amino-acid-alignment\documentation\Help\Working\BuildTopics.proj]
BuildAssembler : warning : ShowMissingComponent: [F:AssemblyNameSpace.Assembler.reads] Missing &lt;summary&gt; documentation [C:\Users\douwe\source\repos\research-project-amino-acid-alignment\documentation\Help\Working\BuildTopics.proj]
BuildAssembler : warning : ShowMissingComponent: [F:AssemblyNameSpace.Assembler.scoring_matrix] Missing &lt;summary&gt; documentation [C:\Users\douwe\source\repos\research-project-amino-acid-alignment\documentation\Help\Working\BuildTopics.proj]
BuildAssembler : warning : ShowMissingComponent: [M:AssemblyNameSpace.Assembler.SetAlphabet(System.Collections.Generic.List{System.ValueTuple`4},System.SByte,System.Char)] Missing &lt;summary&gt; documentation [C:\Users\douwe\source\repos\research-project-amino-acid-alignment\documentation\Help\Working\BuildTopics.proj]
BuildAssembler : warning : ShowMissingComponent: [M:AssemblyNameSpace.Assembler.SetAlphabet(System.Collections.Generic.List{System.ValueTuple`4},System.SByte,System.Char)] Missing &lt;param name=&quot;rules&quot;/&gt; documentation [C:\Users\douwe\source\repos\research-project-amino-acid-alignment\documentation\Help\Working\BuildTopics.proj]
BuildAssembler : warning : ShowMissingComponent: [M:AssemblyNameSpace.Assembler.SetAlphabet(System.Collections.Generic.List{System.ValueTuple`4},System.SByte,System.Char)] Missing &lt;param name=&quot;diagonals_value&quot;/&gt; documentation [C:\Users\douwe\source\repos\research-project-amino-acid-alignment\documentation\Help\Working\BuildTopics.proj]
BuildAssembler : warning : ShowMissingComponent: [M:AssemblyNameSpace.Assembler.SetAlphabet(System.Collections.Generic.List{System.ValueTuple`4},System.SByte,System.Char)] Missing &lt;param name=&quot;input&quot;/&gt; documentation [C:\Users\douwe\source\repos\research-project-amino-acid-alignment\documentation\Help\Working\BuildTopics.proj]
BuildAssembler : warning : ShowMissingComponent: [M:AssemblyNameSpace.Assembler.AminoAcid.ArrayEquals(AssemblyNameSpace.Assembler.AminoAcid[],AssemblyNameSpace.Assembler.AminoAcid[])] Missing &lt;returns&gt; documentation [C:\Users\douwe\source\repos\research-project-amino-acid-alignment\documentation\Help\Working\BuildTopics.proj]
BuildAssembler : warning : ShowMissingComponent: [M:AssemblyNameSpace.Assembler.AminoAcid.ArrayHomology(AssemblyNameSpace.Assembler.AminoAcid[],AssemblyNameSpace.Assembler.AminoAcid[])] Missing &lt;returns&gt; documentation [C:\Users\douwe\source\repos\research-project-amino-acid-alignment\documentation\Help\Working\BuildTopics.proj]
BuildAssembler : warning : ShowMissingComponent: [F:AssemblyNameSpace.Assembler.AminoAcid.code] Missing &lt;summary&gt; documentation [C:\Users\douwe\source\repos\research-project-amino-acid-alignment\documentation\Help\Working\BuildTopics.proj]
BuildAssembler : warning : ShowMissingComponent: [P:AssemblyNameSpace.Assembler.AminoAcid.Code] Missing &lt;summary&gt; documentation [C:\Users\douwe\source\repos\research-project-amino-acid-alignment\documentation\Help\Working\BuildTopics.proj]
BuildAssembler : warning : ShowMissingComponent: [M:AssemblyNameSpace.Assembler.AminoAcid.Equals(System.Object)] Missing &lt;returns&gt; documentation [C:\Users\douwe\source\repos\research-project-amino-acid-alignment\documentation\Help\Working\BuildTopics.proj]
BuildAssembler : warning : ShowMissingComponent: [M:AssemblyNameSpace.Assembler.AminoAcid.GetHashCode] Missing &lt;returns&gt; documentation [C:\Users\douwe\source\repos\research-project-amino-acid-alignment\documentation\Help\Working\BuildTopics.proj]
BuildAssembler : warning : ShowMissingComponent: [M:AssemblyNameSpace.Assembler.AminoAcid.Homology(AssemblyNameSpace.Assembler.AminoAcid)] Missing &lt;returns&gt; documentation [C:\Users\douwe\source\repos\research-project-amino-acid-alignment\documentation\Help\Working\BuildTopics.proj]
BuildAssembler : warning : ShowMissingComponent: [M:AssemblyNameSpace.Assembler.AminoAcid.Homology(AssemblyNameSpace.Assembler.AminoAcid)] Missing &lt;param name=&quot;right&quot;/&gt; documentation [C:\Users\douwe\source\repos\research-project-amino-acid-alignment\documentation\Help\Working\BuildTopics.proj]
BuildAssembler : warning : ShowMissingComponent: [M:AssemblyNameSpace.Assembler.AminoAcid.op_Equality(AssemblyNameSpace.Assembler.AminoAcid,AssemblyNameSpace.Assembler.AminoAcid)] Missing &lt;returns&gt; documentation [C:\Users\douwe\source\repos\research-project-amino-acid-alignment\documentation\Help\Working\BuildTopics.proj]
BuildAssembler : warning : ShowMissingComponent: [M:AssemblyNameSpace.Assembler.AminoAcid.op_Equality(AssemblyNameSpace.Assembler.AminoAcid,AssemblyNameSpace.Assembler.AminoAcid)] Missing &lt;param name=&quot;x&quot;/&gt; documentation [C:\Users\douwe\source\repos\research-project-amino-acid-alignment\documentation\Help\Working\BuildTopics.proj]
BuildAssembler : warning : ShowMissingComponent: [M:AssemblyNameSpace.Assembler.AminoAcid.op_Equality(AssemblyNameSpace.Assembler.AminoAcid,AssemblyNameSpace.Assembler.AminoAcid)] Missing &lt;param name=&quot;y&quot;/&gt; documentation [C:\Users\douwe\source\repos\research-project-amino-acid-alignment\documentation\Help\Working\BuildTopics.proj]
BuildAssembler : warning : ShowMissingComponent: [M:AssemblyNameSpace.Assembler.AminoAcid.op_Inequality(AssemblyNameSpace.Assembler.AminoAcid,AssemblyNameSpace.Assembler.AminoAcid)] Missing &lt;returns&gt; documentation [C:\Users\douwe\source\repos\research-project-amino-acid-alignment\documentation\Help\Working\BuildTopics.proj]
BuildAssembler : warning : ShowMissingComponent: [M:AssemblyNameSpace.Assembler.AminoAcid.op_Inequality(AssemblyNameSpace.Assembler.AminoAcid,AssemblyNameSpace.Assembler.AminoAcid)] Missing &lt;param name=&quot;x&quot;/&gt; documentation [C:\Users\douwe\source\repos\research-project-amino-acid-alignment\documentation\Help\Working\BuildTopics.proj]
BuildAssembler : warning : ShowMissingComponent: [M:AssemblyNameSpace.Assembler.AminoAcid.op_Inequality(AssemblyNameSpace.Assembler.AminoAcid,AssemblyNameSpace.Assembler.AminoAcid)] Missing &lt;param name=&quot;y&quot;/&gt; documentation [C:\Users\douwe\source\repos\research-project-amino-acid-alignment\documentation\Help\Working\BuildTopics.proj]
BuildAssembler : warning : ShowMissingComponent: [F:AssemblyNameSpace.Assembler.AminoAcid.parent] Missing &lt;summary&gt; documentation [C:\Users\douwe\source\repos\research-project-amino-acid-alignment\documentation\Help\Working\BuildTopics.proj]
BuildAssembler : warning : ShowMissingComponent: [M:AssemblyNameSpace.Assembler.AminoAcid.ToString] Missing &lt;returns&gt; documentation [C:\Users\douwe\source\repos\research-project-amino-acid-alignment\documentation\Help\Working\BuildTopics.proj]
BuildAssembler : warning : ShowMissingComponent: [M:AssemblyNameSpace.Assembler.CondensedNode.#ctor(System.Collections.Generic.List{AssemblyNameSpace.Assembler.AminoAcid},System.Int32,System.Collections.Generic.List{System.Int32},System.Collections.Generic.List{System.Int32})] Missing &lt;param name=&quot;sequence&quot;/&gt; documentation [C:\Users\douwe\source\repos\research-project-amino-acid-alignment\documentation\Help\Working\BuildTopics.proj]
BuildAssembler : warning : ShowMissingComponent: [M:AssemblyNameSpace.Assembler.CondensedNode.#ctor(System.Collections.Generic.List{AssemblyNameSpace.Assembler.AminoAcid},System.Int32,System.Collections.Generic.List{System.Int32},System.Collections.Generic.List{System.Int32})] Missing &lt;param name=&quot;index&quot;/&gt; documentation [C:\Users\douwe\source\repos\research-project-amino-acid-alignment\documentation\Help\Working\BuildTopics.proj]
BuildAssembler : warning : ShowMissingComponent: [M:AssemblyNameSpace.Assembler.CondensedNode.#ctor(System.Collections.Generic.List{AssemblyNameSpace.Assembler.AminoAcid},System.Int32,System.Collections.Generic.List{System.Int32},System.Collections.Generic.List{System.Int32})] Missing &lt;param name=&quot;forward_edges&quot;/&gt; documentation [C:\Users\douwe\source\repos\research-project-amino-acid-alignment\documentation\Help\Working\BuildTopics.proj]
BuildAssembler : warning : ShowMissingComponent: [M:AssemblyNameSpace.Assembler.CondensedNode.#ctor(System.Collections.Generic.List{AssemblyNameSpace.Assembler.AminoAcid},System.Int32,System.Collections.Generic.List{System.Int32},System.Collections.Generic.List{System.Int32})] Missing &lt;param name=&quot;backward_edges&quot;/&gt; documentation [C:\Users\douwe\source\repos\research-project-amino-acid-alignment\documentation\Help\Working\BuildTopics.proj]
BuildAssembler : warning : ShowMissingComponent: [F:AssemblyNameSpace.Assembler.CondensedNode.BackwardEdges] Missing &lt;summary&gt; documentation [C:\Users\douwe\source\repos\research-project-amino-acid-alignment\documentation\Help\Working\BuildTopics.proj]
BuildAssembler : warning : ShowMissingComponent: [F:AssemblyNameSpace.Assembler.CondensedNode.ForwardEdges] Missing &lt;summary&gt; documentation [C:\Users\douwe\source\repos\research-project-amino-acid-alignment\documentation\Help\Working\BuildTopics.proj]
BuildAssembler : warning : ShowMissingComponent: [F:AssemblyNameSpace.Assembler.CondensedNode.Index] Missing &lt;summary&gt; documentation [C:\Users\douwe\source\repos\research-project-amino-acid-alignment\documentation\Help\Working\BuildTopics.proj]
BuildAssembler : warning : ShowMissingComponent: [F:AssemblyNameSpace.Assembler.CondensedNode.Sequence] Missing &lt;summary&gt; documentation [C:\Users\douwe\source\repos\research-project-amino-acid-alignment\documentation\Help\Working\BuildTopics.proj]
BuildAssembler : warning : ShowMissingComponent: [F:AssemblyNameSpace.Assembler.CondensedNode.Visited] Missing &lt;summary&gt; documentation [C:\Users\douwe\source\repos\research-project-amino-acid-alignment\documentation\Help\Working\BuildTopics.proj]
BuildAssembler : warning : ShowMissingComponent: [F:AssemblyNameSpace.Assembler.MetaInformation.graph_time] Missing &lt;summary&gt; documentation [C:\Users\douwe\source\repos\research-project-amino-acid-alignment\documentation\Help\Working\BuildTopics.proj]
BuildAssembler : warning : ShowMissingComponent: [F:AssemblyNameSpace.Assembler.MetaInformation.kmers] Missing &lt;summary&gt; documentation [C:\Users\douwe\source\repos\research-project-amino-acid-alignment\documentation\Help\Working\BuildTopics.proj]
BuildAssembler : warning : ShowMissingComponent: [F:AssemblyNameSpace.Assembler.MetaInformation.kmin1_mers] Missing &lt;summary&gt; documentation [C:\Users\douwe\source\repos\research-project-amino-acid-alignment\documentation\Help\Working\BuildTopics.proj]
BuildAssembler : warning : ShowMissingComponent: [F:AssemblyNameSpace.Assembler.MetaInformation.kmin1_mers_raw] Missing &lt;summary&gt; documentation [C:\Users\douwe\source\repos\research-project-amino-acid-alignment\documentation\Help\Working\BuildTopics.proj]
BuildAssembler : warning : ShowMissingComponent: [F:AssemblyNameSpace.Assembler.MetaInformation.path_time] Missing &lt;summary&gt; documentation [C:\Users\douwe\source\repos\research-project-amino-acid-alignment\documentation\Help\Working\BuildTopics.proj]
BuildAssembler : warning : ShowMissingComponent: [F:AssemblyNameSpace.Assembler.MetaInformation.pre_time] Missing &lt;summary&gt; documentation [C:\Users\douwe\source\repos\research-project-amino-acid-alignment\documentation\Help\Working\BuildTopics.proj]
BuildAssembler : warning : ShowMissingComponent: [F:AssemblyNameSpace.Assembler.MetaInformation.reads] Missing &lt;summary&gt; documentation [C:\Users\douwe\source\repos\research-project-amino-acid-alignment\documentation\Help\Working\BuildTopics.proj]
BuildAssembler : warning : ShowMissingComponent: [F:AssemblyNameSpace.Assembler.MetaInformation.sequence_filter_time] Missing &lt;summary&gt; documentation [C:\Users\douwe\source\repos\research-project-amino-acid-alignment\documentation\Help\Working\BuildTopics.proj]
BuildAssembler : warning : ShowMissingComponent: [F:AssemblyNameSpace.Assembler.MetaInformation.sequences] Missing &lt;summary&gt; documentation [C:\Users\douwe\source\repos\research-project-amino-acid-alignment\documentation\Help\Working\BuildTopics.proj]
BuildAssembler : warning : ShowMissingComponent: [F:AssemblyNameSpace.Assembler.MetaInformation.total_time] Missing &lt;summary&gt; documentation [C:\Users\douwe\source\repos\research-project-amino-acid-alignment\documentation\Help\Working\BuildTopics.proj]
BuildAssembler : warning : ShowMissingComponent: [F:AssemblyNameSpace.Assembler.Node.backwardEdges] Missing &lt;summary&gt; documentation [C:\Users\douwe\source\repos\research-project-amino-acid-alignment\documentation\Help\Working\BuildTopics.proj]
BuildAssembler : warning : ShowMissingComponent: [P:AssemblyNameSpace.Assembler.Node.BackwardEdges] Missing &lt;summary&gt; documentation [C:\Users\douwe\source\repos\research-project-amino-acid-alignment\documentation\Help\Working\BuildTopics.proj]
BuildAssembler : warning : ShowMissingComponent: [F:AssemblyNameSpace.Assembler.Node.edge_include_limit] Missing &lt;summary&gt; documentation [C:\Users\douwe\source\repos\research-project-amino-acid-alignment\documentation\Help\Working\BuildTopics.proj]
BuildAssembler : warning : ShowMissingComponent: [M:AssemblyNameSpace.Assembler.Node.EdgesCount] Missing &lt;returns&gt; documentation [C:\Users\douwe\source\repos\research-project-amino-acid-alignment\documentation\Help\Working\BuildTopics.proj]
BuildAssembler : warning : ShowMissingComponent: [M:AssemblyNameSpace.Assembler.Node.filterBackwardEdges] Missing &lt;summary&gt; documentation [C:\Users\douwe\source\repos\research-project-amino-acid-alignment\documentation\Help\Working\BuildTopics.proj]
BuildAssembler : warning : ShowMissingComponent: [M:AssemblyNameSpace.Assembler.Node.filterForwardEdges] Missing &lt;summary&gt; documentation [C:\Users\douwe\source\repos\research-project-amino-acid-alignment\documentation\Help\Working\BuildTopics.proj]
BuildAssembler : warning : ShowMissingComponent: [F:AssemblyNameSpace.Assembler.Node.forwardEdges] Missing &lt;summary&gt; documentation [C:\Users\douwe\source\repos\research-project-amino-acid-alignment\documentation\Help\Working\BuildTopics.proj]
BuildAssembler : warning : ShowMissingComponent: [P:AssemblyNameSpace.Assembler.Node.ForwardEdges] Missing &lt;summary&gt; documentation [C:\Users\douwe\source\repos\research-project-amino-acid-alignment\documentation\Help\Working\BuildTopics.proj]
BuildAssembler : warning : ShowMissingComponent: [M:AssemblyNameSpace.Assembler.Node.HasBackwardEdges] Missing &lt;returns&gt; documentation [C:\Users\douwe\source\repos\research-project-amino-acid-alignment\documentation\Help\Working\BuildTopics.proj]
BuildAssembler : warning : ShowMissingComponent: [M:AssemblyNameSpace.Assembler.Node.HasForwardEdges] Missing &lt;returns&gt; documentation [C:\Users\douwe\source\repos\research-project-amino-acid-alignment\documentation\Help\Working\BuildTopics.proj]
BuildAssembler : warning : ShowMissingComponent: [F:AssemblyNameSpace.Assembler.Node.max_backward_score] Missing &lt;summary&gt; documentation [C:\Users\douwe\source\repos\research-project-amino-acid-alignment\documentation\Help\Working\BuildTopics.proj]
BuildAssembler : warning : ShowMissingComponent: [F:AssemblyNameSpace.Assembler.Node.max_forward_score] Missing &lt;summary&gt; documentation [C:\Users\douwe\source\repos\research-project-amino-acid-alignment\documentation\Help\Working\BuildTopics.proj]
BuildAssembler : warning : ShowMissingComponent: [F:AssemblyNameSpace.Assembler.Node.multiplicity] Missing &lt;summary&gt; documentation [C:\Users\douwe\source\repos\research-project-amino-acid-alignment\documentation\Help\Working\BuildTopics.proj]
BuildAssembler : warning : ShowMissingComponent: [P:AssemblyNameSpace.Assembler.Node.Multiplicity] Missing &lt;summary&gt; documentation [C:\Users\douwe\source\repos\research-project-amino-acid-alignment\documentation\Help\Working\BuildTopics.proj]
BuildAssembler : warning : ShowMissingComponent: [F:AssemblyNameSpace.Assembler.Node.sequence] Missing &lt;summary&gt; documentation [C:\Users\douwe\source\repos\research-project-amino-acid-alignment\documentation\Help\Working\BuildTopics.proj]
BuildAssembler : warning : ShowMissingComponent: [P:AssemblyNameSpace.Assembler.Node.Sequence] Missing &lt;summary&gt; documentation [C:\Users\douwe\source\repos\research-project-amino-acid-alignment\documentation\Help\Working\BuildTopics.proj]
BuildAssembler : warning : ShowMissingComponent: [F:AssemblyNameSpace.Assembler.Node.Visited] Missing &lt;summary&gt; documentation [C:\Users\douwe\source\repos\research-project-amino-acid-alignment\documentation\Help\Working\BuildTopics.proj]
BuildAssembler : warning : ShowMissingComponent: [M:AssemblyNameSpace.HelperFunctionality.SubArray``1(``0[],System.Int32,System.Int32)] Missing &lt;typeparam name=&quot;T&quot;/&gt; documentation [C:\Users\douwe\source\repos\research-project-amino-acid-alignment\documentation\Help\Working\BuildTopics.proj]
BuildAssembler : warning : ShowMissingComponent: [M:AssemblyNameSpace.ToRunWithCommandLine.Main] Missing &lt;summary&gt; documentation [C:\Users\douwe\source\repos\research-project-amino-acid-alignment\documentation\Help\Working\BuildTopics.proj]
  Processed 95 topic(s)
  71 warning(s)
  CopyFromIndexComponent: &quot;reflection&quot; in-memory cache entries used: 3 of 15.
  CopyFromIndexComponent: &quot;comments&quot; in-memory cache entries used: 3 of 30.
  ResolveReferenceLinksComponent: 22 entries added to the MSDN content ID cache.  New cache size: 22 entries
Done Building Project &quot;C:\Users\douwe\source\repos\research-project-amino-acid-alignment\documentation\Help\Working\BuildTopics.proj&quot; (default targets).

Build succeeded.

Time Elapsed 00:00:20.06
    Last step completed in 00:00:20,4807
</buildStep>
<buildStep step="CombiningIntermediateTocFiles">
Combining conceptual and API intermediate TOC files...
    Last step completed in 00:00:00,0156
</buildStep>
<buildStep step="CopyStandardHelpContent">
Copying standard help content...
C:\Program Files (x86)\EWSoftware\Sandcastle Help File Builder\PresentationStyles\Markdown\media\AlertCaution.png -&gt; C:\Users\douwe\source\repos\research-project-amino-acid-alignment\documentation\Help\Working\Output\Markdown\media\AlertCaution.png
C:\Program Files (x86)\EWSoftware\Sandcastle Help File Builder\PresentationStyles\Markdown\media\AlertNote.png -&gt; C:\Users\douwe\source\repos\research-project-amino-acid-alignment\documentation\Help\Working\Output\Markdown\media\AlertNote.png
C:\Program Files (x86)\EWSoftware\Sandcastle Help File Builder\PresentationStyles\Markdown\media\AlertSecurity.png -&gt; C:\Users\douwe\source\repos\research-project-amino-acid-alignment\documentation\Help\Working\Output\Markdown\media\AlertSecurity.png
C:\Program Files (x86)\EWSoftware\Sandcastle Help File Builder\PresentationStyles\Markdown\media\CFW.gif -&gt; C:\Users\douwe\source\repos\research-project-amino-acid-alignment\documentation\Help\Working\Output\Markdown\media\CFW.gif
C:\Program Files (x86)\EWSoftware\Sandcastle Help File Builder\PresentationStyles\Markdown\media\CodeExample.png -&gt; C:\Users\douwe\source\repos\research-project-amino-acid-alignment\documentation\Help\Working\Output\Markdown\media\CodeExample.png
C:\Program Files (x86)\EWSoftware\Sandcastle Help File Builder\PresentationStyles\Markdown\media\privclass.gif -&gt; C:\Users\douwe\source\repos\research-project-amino-acid-alignment\documentation\Help\Working\Output\Markdown\media\privclass.gif
C:\Program Files (x86)\EWSoftware\Sandcastle Help File Builder\PresentationStyles\Markdown\media\privdelegate.gif -&gt; C:\Users\douwe\source\repos\research-project-amino-acid-alignment\documentation\Help\Working\Output\Markdown\media\privdelegate.gif
C:\Program Files (x86)\EWSoftware\Sandcastle Help File Builder\PresentationStyles\Markdown\media\privenumeration.gif -&gt; C:\Users\douwe\source\repos\research-project-amino-acid-alignment\documentation\Help\Working\Output\Markdown\media\privenumeration.gif
C:\Program Files (x86)\EWSoftware\Sandcastle Help File Builder\PresentationStyles\Markdown\media\privevent.gif -&gt; C:\Users\douwe\source\repos\research-project-amino-acid-alignment\documentation\Help\Working\Output\Markdown\media\privevent.gif
C:\Program Files (x86)\EWSoftware\Sandcastle Help File Builder\PresentationStyles\Markdown\media\privextension.gif -&gt; C:\Users\douwe\source\repos\research-project-amino-acid-alignment\documentation\Help\Working\Output\Markdown\media\privextension.gif
C:\Program Files (x86)\EWSoftware\Sandcastle Help File Builder\PresentationStyles\Markdown\media\privfield.gif -&gt; C:\Users\douwe\source\repos\research-project-amino-acid-alignment\documentation\Help\Working\Output\Markdown\media\privfield.gif
C:\Program Files (x86)\EWSoftware\Sandcastle Help File Builder\PresentationStyles\Markdown\media\privinterface.gif -&gt; C:\Users\douwe\source\repos\research-project-amino-acid-alignment\documentation\Help\Working\Output\Markdown\media\privinterface.gif
C:\Program Files (x86)\EWSoftware\Sandcastle Help File Builder\PresentationStyles\Markdown\media\privmethod.gif -&gt; C:\Users\douwe\source\repos\research-project-amino-acid-alignment\documentation\Help\Working\Output\Markdown\media\privmethod.gif
C:\Program Files (x86)\EWSoftware\Sandcastle Help File Builder\PresentationStyles\Markdown\media\privproperty.gif -&gt; C:\Users\douwe\source\repos\research-project-amino-acid-alignment\documentation\Help\Working\Output\Markdown\media\privproperty.gif
C:\Program Files (x86)\EWSoftware\Sandcastle Help File Builder\PresentationStyles\Markdown\media\privstructure.gif -&gt; C:\Users\douwe\source\repos\research-project-amino-acid-alignment\documentation\Help\Working\Output\Markdown\media\privstructure.gif
C:\Program Files (x86)\EWSoftware\Sandcastle Help File Builder\PresentationStyles\Markdown\media\protclass.gif -&gt; C:\Users\douwe\source\repos\research-project-amino-acid-alignment\documentation\Help\Working\Output\Markdown\media\protclass.gif
C:\Program Files (x86)\EWSoftware\Sandcastle Help File Builder\PresentationStyles\Markdown\media\protdelegate.gif -&gt; C:\Users\douwe\source\repos\research-project-amino-acid-alignment\documentation\Help\Working\Output\Markdown\media\protdelegate.gif
C:\Program Files (x86)\EWSoftware\Sandcastle Help File Builder\PresentationStyles\Markdown\media\protenumeration.gif -&gt; C:\Users\douwe\source\repos\research-project-amino-acid-alignment\documentation\Help\Working\Output\Markdown\media\protenumeration.gif
C:\Program Files (x86)\EWSoftware\Sandcastle Help File Builder\PresentationStyles\Markdown\media\protevent.gif -&gt; C:\Users\douwe\source\repos\research-project-amino-acid-alignment\documentation\Help\Working\Output\Markdown\media\protevent.gif
C:\Program Files (x86)\EWSoftware\Sandcastle Help File Builder\PresentationStyles\Markdown\media\protextension.gif -&gt; C:\Users\douwe\source\repos\research-project-amino-acid-alignment\documentation\Help\Working\Output\Markdown\media\protextension.gif
C:\Program Files (x86)\EWSoftware\Sandcastle Help File Builder\PresentationStyles\Markdown\media\protfield.gif -&gt; C:\Users\douwe\source\repos\research-project-amino-acid-alignment\documentation\Help\Working\Output\Markdown\media\protfield.gif
C:\Program Files (x86)\EWSoftware\Sandcastle Help File Builder\PresentationStyles\Markdown\media\protinterface.gif -&gt; C:\Users\douwe\source\repos\research-project-amino-acid-alignment\documentation\Help\Working\Output\Markdown\media\protinterface.gif
C:\Program Files (x86)\EWSoftware\Sandcastle Help File Builder\PresentationStyles\Markdown\media\protmethod.gif -&gt; C:\Users\douwe\source\repos\research-project-amino-acid-alignment\documentation\Help\Working\Output\Markdown\media\protmethod.gif
C:\Program Files (x86)\EWSoftware\Sandcastle Help File Builder\PresentationStyles\Markdown\media\protoperator.gif -&gt; C:\Users\douwe\source\repos\research-project-amino-acid-alignment\documentation\Help\Working\Output\Markdown\media\protoperator.gif
C:\Program Files (x86)\EWSoftware\Sandcastle Help File Builder\PresentationStyles\Markdown\media\protproperty.gif -&gt; C:\Users\douwe\source\repos\research-project-amino-acid-alignment\documentation\Help\Working\Output\Markdown\media\protproperty.gif
C:\Program Files (x86)\EWSoftware\Sandcastle Help File Builder\PresentationStyles\Markdown\media\protstructure.gif -&gt; C:\Users\douwe\source\repos\research-project-amino-acid-alignment\documentation\Help\Working\Output\Markdown\media\protstructure.gif
C:\Program Files (x86)\EWSoftware\Sandcastle Help File Builder\PresentationStyles\Markdown\media\pubclass.gif -&gt; C:\Users\douwe\source\repos\research-project-amino-acid-alignment\documentation\Help\Working\Output\Markdown\media\pubclass.gif
C:\Program Files (x86)\EWSoftware\Sandcastle Help File Builder\PresentationStyles\Markdown\media\pubdelegate.gif -&gt; C:\Users\douwe\source\repos\research-project-amino-acid-alignment\documentation\Help\Working\Output\Markdown\media\pubdelegate.gif
C:\Program Files (x86)\EWSoftware\Sandcastle Help File Builder\PresentationStyles\Markdown\media\pubenumeration.gif -&gt; C:\Users\douwe\source\repos\research-project-amino-acid-alignment\documentation\Help\Working\Output\Markdown\media\pubenumeration.gif
C:\Program Files (x86)\EWSoftware\Sandcastle Help File Builder\PresentationStyles\Markdown\media\pubevent.gif -&gt; C:\Users\douwe\source\repos\research-project-amino-acid-alignment\documentation\Help\Working\Output\Markdown\media\pubevent.gif
C:\Program Files (x86)\EWSoftware\Sandcastle Help File Builder\PresentationStyles\Markdown\media\pubextension.gif -&gt; C:\Users\douwe\source\repos\research-project-amino-acid-alignment\documentation\Help\Working\Output\Markdown\media\pubextension.gif
C:\Program Files (x86)\EWSoftware\Sandcastle Help File Builder\PresentationStyles\Markdown\media\pubfield.gif -&gt; C:\Users\douwe\source\repos\research-project-amino-acid-alignment\documentation\Help\Working\Output\Markdown\media\pubfield.gif
C:\Program Files (x86)\EWSoftware\Sandcastle Help File Builder\PresentationStyles\Markdown\media\pubinterface.gif -&gt; C:\Users\douwe\source\repos\research-project-amino-acid-alignment\documentation\Help\Working\Output\Markdown\media\pubinterface.gif
C:\Program Files (x86)\EWSoftware\Sandcastle Help File Builder\PresentationStyles\Markdown\media\pubmethod.gif -&gt; C:\Users\douwe\source\repos\research-project-amino-acid-alignment\documentation\Help\Working\Output\Markdown\media\pubmethod.gif
C:\Program Files (x86)\EWSoftware\Sandcastle Help File Builder\PresentationStyles\Markdown\media\puboperator.gif -&gt; C:\Users\douwe\source\repos\research-project-amino-acid-alignment\documentation\Help\Working\Output\Markdown\media\puboperator.gif
C:\Program Files (x86)\EWSoftware\Sandcastle Help File Builder\PresentationStyles\Markdown\media\pubproperty.gif -&gt; C:\Users\douwe\source\repos\research-project-amino-acid-alignment\documentation\Help\Working\Output\Markdown\media\pubproperty.gif
C:\Program Files (x86)\EWSoftware\Sandcastle Help File Builder\PresentationStyles\Markdown\media\pubstructure.gif -&gt; C:\Users\douwe\source\repos\research-project-amino-acid-alignment\documentation\Help\Working\Output\Markdown\media\pubstructure.gif
C:\Program Files (x86)\EWSoftware\Sandcastle Help File Builder\PresentationStyles\Markdown\media\slMobile.gif -&gt; C:\Users\douwe\source\repos\research-project-amino-acid-alignment\documentation\Help\Working\Output\Markdown\media\slMobile.gif
C:\Program Files (x86)\EWSoftware\Sandcastle Help File Builder\PresentationStyles\Markdown\media\static.gif -&gt; C:\Users\douwe\source\repos\research-project-amino-acid-alignment\documentation\Help\Working\Output\Markdown\media\static.gif
C:\Program Files (x86)\EWSoftware\Sandcastle Help File Builder\PresentationStyles\Markdown\media\xna.gif -&gt; C:\Users\douwe\source\repos\research-project-amino-acid-alignment\documentation\Help\Working\Output\Markdown\media\xna.gif
C:\Program Files (x86)\EWSoftware\Sandcastle Help File Builder\PresentationStyles\Markdown\MarkdownContent\_Footer.md -&gt; C:\Users\douwe\source\repos\research-project-amino-acid-alignment\documentation\Help\Working\Output\Markdown\_Footer.md
    Last step completed in 00:00:00,2656
</buildStep>
<buildStep step="GenerateHelpFormatTableOfContents">
Executing informational Generate Table of Contents build step for plug-ins (not used for Markdown)
    Last step completed in 00:00:00,0000
</buildStep>
<buildStep step="GenerateHelpProject">
Executing informational Generate Help Project build step for plug-ins (not used for Markdown)
    Last step completed in 00:00:00,0000
</buildStep>
<buildStep step="CompilingHelpFile">
Generating markdown content...
[C:\Program Files (x86)\MSBuild\14.0\bin\amd64\MSBuild.exe - GenerateMarkdownContent.proj]
  Finished generating 95 topics
  Copying content to output folder...
  Finished copying 138 files
    Last step completed in 00:00:02,6414
</buildStep>
<buildStep step="CleanIntermediates">
Removing intermediate files...
    Last step completed in 00:00:00,0534
</buildStep>
<buildStep step="Completed">

Build completed successfully at 26-4-2019 13:14:22.  Total time: 00:00:30,4625

</buildStep>
</shfbBuild>
